command:  '/home/esp/bin/orca_6_1_0/otool_xtb /home/esp/scriptDevelopment/drFrankenstein/11_PCY_CHARMM/04_torsion_scanning/torsion_NH1-CT1-CG321-CG2R61/scans_PCY_conformer_30/PCY_conformer_30_forwards/orca_scan_XTB.xyz --grad -c 0 -u 0 -P 1 --namespace /home/esp/scriptDevelopment/drFrankenstein/11_PCY_CHARMM/04_torsion_scanning/torsion_NH1-CT1-CG321-CG2R61/scans_PCY_conformer_30/PCY_conformer_30_forwards/orca_scan --input /home/esp/scriptDevelopment/drFrankenstein/11_PCY_CHARMM/04_torsion_scanning/torsion_NH1-CT1-CG321-CG2R61/scans_PCY_conformer_30/PCY_conformer_30_forwards/orca_scan_XTB.input.tmp --alpb WATER --acc 0.200000'
date:     2025/07/16 at 15:50:55.798     
           -------------------------------------------------
          |                Property Printout                |
           -------------------------------------------------

    * Orbital Energies and Occupations

         #    Occupation            Energy/Eh            Energy/eV
      -------------------------------------------------------------
         1        2.0000           -0.7694111             -20.9367
       ...           ...                  ...                  ...
        59        2.0000           -0.4497871             -12.2393
        60        2.0000           -0.4460296             -12.1371
        61        2.0000           -0.4455061             -12.1228
        62        2.0000           -0.4368984             -11.8886
        63        2.0000           -0.4352349             -11.8433
        64        2.0000           -0.4236658             -11.5285
        65        2.0000           -0.4232322             -11.5167
        66        2.0000           -0.4160442             -11.3211
        67        2.0000           -0.4084092             -11.1134
        68        2.0000           -0.4056208             -11.0375
        69        2.0000           -0.4044138             -11.0047
        70        2.0000           -0.3818919             -10.3918
        71        0.8817           -0.3304649              -8.9924 (HOMO)
        72        0.1183           -0.3266488              -8.8886 (LUMO)
        73                         -0.2478338              -6.7439
        74                         -0.2343962              -6.3782
        75                         -0.2274630              -6.1896
        76                         -0.2243895              -6.1059
        77                         -0.2180048              -5.9322
        78                         -0.1691463              -4.6027
        79                         -0.1176340              -3.2010
        80                         -0.0948223              -2.5802
        81                         -0.0056051              -0.1525
        82                         -0.0022150              -0.0603
       ...                                ...                  ...
       128                          0.6620675              18.0158
      -------------------------------------------------------------
                  HL-Gap            0.0038160 Eh            0.1038 eV
             Fermi-level           -0.3423714 Eh           -9.3164 eV

     #   Z          covCN         q      C6AA      α(0)
     1   1 H        0.924     0.065     2.140     2.287
     2   1 H        0.926     0.074     2.037     2.232
     3   1 H        0.926     0.058     2.220     2.330
     4   1 H        0.924     0.105     1.744     2.065
     5   1 H        0.924     0.094     1.842     2.122
     6   1 H        0.926     0.059     2.215     2.327
     7   1 H        0.926     0.034     2.528     2.486
     8   1 H        0.925     0.078     2.004     2.214
     9   1 H        0.926     0.082     1.963     2.191
    10   1 H        0.926     0.038     2.472     2.459
    11   1 H        0.926     0.084     1.941     2.179
    12   1 H        0.859     0.246     0.900     1.486
    13   1 H        0.926     0.084     1.939     2.178
    14   7 N        2.705    -0.111    23.425     7.188
    15   6 C        2.884     0.034    27.245     8.557
    16   6 C        2.769     0.247    22.864     7.831
    17   6 C        3.810    -0.075    21.926     6.665
    18   8 O        0.859    -0.567    25.318     6.746
    19   6 C        2.971     0.014    27.686     8.631
    20   6 C        2.924    -0.035    28.860     8.810
    21   6 C        2.920    -0.059    29.467     8.902
    22   6 C        2.863     0.139    24.975     8.192
    23   6 C        2.916    -0.068    29.692     8.936
    24   6 C        2.925    -0.044    29.088     8.845
    25   8 O        1.705    -0.292    18.850     5.862
    26   6 C        3.697     0.072    19.535     6.322
    27   6 C        2.961     0.021    27.543     8.608
    28   6 C        2.925    -0.027    28.683     8.783
    29   6 C        2.918    -0.020    28.502     8.755
    30   6 C        2.917    -0.029    28.716     8.787
    31   6 C        2.922    -0.023    28.585     8.768
    32   6 C        2.913     0.003    27.959     8.671
    33   7 N        2.762     0.527    13.733     5.504
    34   8 O        0.929    -0.471    23.118     6.448
    35   8 O        0.928    -0.474    23.173     6.456
    36   6 C        3.690    -0.061    21.873     6.693
    37   7 N        2.685    -0.168    24.634     7.371
    38   1 H        0.860     0.213     1.041     1.598
    39   1 H        0.925     0.076     2.017     2.221
    40   1 H        0.924     0.074     2.047     2.237
    41   1 H        0.925     0.082     1.961     2.190
    42   6 C        2.747     0.282    22.231     7.720
    43   8 O        0.857    -0.464    23.005     6.431
    44   6 C        3.759    -0.172    23.900     6.970
    45   1 H        0.925     0.095     1.835     2.118
    46   1 H        0.925     0.088     1.896     2.153
    47   1 H        0.925     0.094     1.842     2.122

 Mol. C6AA /au·bohr⁶  :      26161.505225
 Mol. C8AA /au·bohr⁸  :     619982.171225
 Mol. α(0) /au        :        250.646863


Wiberg/Mayer (AO) data.
largest (>0.10) Wiberg bond orders for each atom

 ---------------------------------------------------------------------------
     #   Z sym  total        # sym  WBO       # sym  WBO       # sym  WBO
 ---------------------------------------------------------------------------
     1   1 H    0.995 --    26 C    0.945
     2   1 H    0.994 --    28 C    0.962
     3   1 H    0.996 --    21 C    0.967
     4   1 H    0.983 --    17 C    0.930
     5   1 H    0.990 --    26 C    0.938
     6   1 H    0.996 --    20 C    0.966
     7   1 H    0.999 --    23 C    0.965
     8   1 H    0.993 --    17 C    0.945
     9   1 H    0.992 --    30 C    0.965
    10   1 H    0.998 --    24 C    0.967
    11   1 H    0.993 --    31 C    0.959
    12   1 H    0.940 --    14 N    0.884
    13   1 H    0.993 --    29 C    0.965
    14   7 N    3.568 --    15 C    1.281    42 C    1.160    12 H    0.884
                            43 O    0.122
    15   6 C    3.718 --    14 N    1.281    16 C    1.115    17 C    1.045
    16   6 C    3.952 --    18 O    1.489    37 N    1.260    15 C    1.115
    17   6 C    3.989 --    15 C    1.045    19 C    0.974     8 H    0.945
                             4 H    0.930
    18   8 O    1.854 --    16 C    1.489    37 N    0.181
    19   6 C    3.978 --    24 C    1.421    20 C    1.390    17 C    0.974
    20   6 C    3.987 --    21 C    1.473    19 C    1.390     6 H    0.966
                            23 C    0.103
    21   6 C    3.986 --    20 C    1.473    22 C    1.351     3 H    0.967
                            24 C    0.108
    22   6 C    3.929 --    23 C    1.381    21 C    1.351    25 O    1.042
    23   6 C    3.988 --    24 C    1.436    22 C    1.381     7 H    0.965
                            20 C    0.103
    24   6 C    3.990 --    23 C    1.436    19 C    1.421    10 H    0.967
                            21 C    0.108
    25   8 O    2.213 --    22 C    1.042    26 C    0.975
    26   6 C    3.944 --    27 C    1.009    25 O    0.975     1 H    0.945
                             5 H    0.938
    27   6 C    3.967 --    28 C    1.420    32 C    1.320    26 C    1.009
    28   6 C    3.987 --    29 C    1.439    27 C    1.420     2 H    0.962
                            31 C    0.102
    29   6 C    3.964 --    28 C    1.439    30 C    1.407    13 H    0.965
    30   6 C    3.987 --    31 C    1.476    29 C    1.407     9 H    0.965
    31   6 C    3.965 --    30 C    1.476    32 C    1.343    11 H    0.959
                            28 C    0.102
    32   6 C    3.945 --    31 C    1.343    27 C    1.320    33 N    1.022
    33   7 N    3.833 --    34 O    1.381    35 O    1.378    32 C    1.022
    34   8 O    1.810 --    33 N    1.381    35 O    0.294
    35   8 O    1.811 --    33 N    1.378    34 O    0.294
    36   6 C    3.954 --    37 N    1.007    41 H    0.977    39 H    0.970
                            40 H    0.970
    37   7 N    3.445 --    16 C    1.260    36 C    1.007    38 H    0.917
                            18 O    0.181
    38   1 H    0.954 --    37 N    0.917
    39   1 H    0.991 --    36 C    0.970
    40   1 H    0.991 --    36 C    0.970
    41   1 H    0.993 --    36 C    0.977
    42   6 C    3.920 --    43 O    1.669    14 N    1.160    44 C    1.002
    43   8 O    1.960 --    42 C    1.669    14 N    0.122
    44   6 C    3.985 --    42 C    1.002    46 H    0.980    45 H    0.957
                            47 H    0.957
    45   1 H    0.990 --    44 C    0.957
    46   1 H    0.992 --    44 C    0.980
    47   1 H    0.990 --    44 C    0.957
 ---------------------------------------------------------------------------

Topologies differ in total number of bonds
Writing topology from bond orders to xtbtopo.mol

molecular dipole:
                 x           y           z       tot (Debye)
 q only:        1.121       1.904      -2.849
   full:        0.900       1.848      -2.695       8.615
molecular quadrupole (traceless):
                xx          xy          yy          xz          yz          zz
 q only:       14.687      -5.410      -3.385      58.671      19.916     -11.301
  q+dip:       14.243      -4.250      -5.082      56.368      19.161      -9.162
   full:       14.241      -4.147      -5.154      58.209      17.259      -9.087


           -------------------------------------------------
          | TOTAL ENERGY              -79.898613827737 Eh   |
          | GRADIENT NORM               0.003624453737 Eh/α |
          | HOMO-LUMO GAP               0.103839445508 eV   |
           -------------------------------------------------
