command:  '/home/esp/bin/orca_6_1_0/otool_xtb /home/esp/scriptDevelopment/drFrankenstein/11_PCY_CHARMM/04_torsion_scanning/torsion_NH1-CT1-CG321-CG2R61/scans_PCY_conformer_4/PCY_conformer_4_backwards/orca_scan_XTB.xyz --grad -c 0 -u 0 -P 1 --namespace /home/esp/scriptDevelopment/drFrankenstein/11_PCY_CHARMM/04_torsion_scanning/torsion_NH1-CT1-CG321-CG2R61/scans_PCY_conformer_4/PCY_conformer_4_backwards/orca_scan --input /home/esp/scriptDevelopment/drFrankenstein/11_PCY_CHARMM/04_torsion_scanning/torsion_NH1-CT1-CG321-CG2R61/scans_PCY_conformer_4/PCY_conformer_4_backwards/orca_scan_XTB.input.tmp --alpb WATER --acc 0.200000'
date:     2025/07/16 at 15:50:55.719     
           -------------------------------------------------
          |                Property Printout                |
           -------------------------------------------------

    * Orbital Energies and Occupations

         #    Occupation            Energy/Eh            Energy/eV
      -------------------------------------------------------------
         1        2.0000           -0.7700279             -20.9535
       ...           ...                  ...                  ...
        59        2.0000           -0.4501994             -12.2505
        60        2.0000           -0.4461988             -12.1417
        61        2.0000           -0.4445563             -12.0970
        62        2.0000           -0.4369849             -11.8910
        63        2.0000           -0.4359667             -11.8633
        64        2.0000           -0.4236747             -11.5288
        65        2.0000           -0.4234148             -11.5217
        66        2.0000           -0.4169161             -11.3449
        67        2.0000           -0.4086677             -11.1204
        68        2.0000           -0.4065583             -11.0630
        69        2.0000           -0.4041382             -10.9972
        70        2.0000           -0.3817784             -10.3887
        71        0.8908           -0.3312838              -9.0147 (HOMO)
        72        0.1092           -0.3272955              -8.9062 (LUMO)
        73                         -0.2480881              -6.7508
        74                         -0.2349555              -6.3935
        75                         -0.2281967              -6.2095
        76                         -0.2266016              -6.1661
        77                         -0.2180515              -5.9335
        78                         -0.1722040              -4.6859
        79                         -0.1181691              -3.2155
        80                         -0.0951951              -2.5904
        81                         -0.0134443              -0.3658
        82                         -0.0032079              -0.0873
       ...                                ...                  ...
       128                          0.6592211              17.9383
      -------------------------------------------------------------
                  HL-Gap            0.0039883 Eh            0.1085 eV
             Fermi-level           -0.3429139 Eh           -9.3312 eV

     #   Z          covCN         q      C6AA      α(0)
     1   1 H        0.924     0.064     2.154     2.295
     2   1 H        0.926     0.077     2.011     2.217
     3   1 H        0.926     0.058     2.222     2.331
     4   1 H        0.924     0.080     1.975     2.198
     5   1 H        0.924     0.094     1.843     2.123
     6   1 H        0.926     0.058     2.220     2.330
     7   1 H        0.926     0.034     2.524     2.484
     8   1 H        0.924     0.100     1.781     2.087
     9   1 H        0.926     0.082     1.959     2.189
    10   1 H        0.926     0.039     2.459     2.452
    11   1 H        0.926     0.084     1.940     2.178
    12   1 H        0.859     0.244     0.907     1.492
    13   1 H        0.926     0.085     1.926     2.170
    14   7 N        2.700    -0.115    23.512     7.202
    15   6 C        2.881     0.033    27.257     8.559
    16   6 C        2.765     0.247    22.862     7.831
    17   6 C        3.809    -0.074    21.902     6.662
    18   8 O        0.859    -0.566    25.305     6.744
    19   6 C        2.970     0.013    27.719     8.636
    20   6 C        2.923    -0.036    28.903     8.816
    21   6 C        2.920    -0.059    29.475     8.903
    22   6 C        2.863     0.138    24.988     8.194
    23   6 C        2.916    -0.068    29.681     8.934
    24   6 C        2.925    -0.044    29.092     8.845
    25   8 O        1.705    -0.292    18.860     5.863
    26   6 C        3.697     0.072    19.534     6.322
    27   6 C        2.961     0.021    27.531     8.606
    28   6 C        2.925    -0.027    28.685     8.783
    29   6 C        2.918    -0.019    28.486     8.752
    30   6 C        2.916    -0.028    28.705     8.786
    31   6 C        2.922    -0.023    28.572     8.766
    32   6 C        2.912     0.003    27.953     8.670
    33   7 N        2.762     0.528    13.719     5.501
    34   8 O        0.929    -0.469    23.081     6.443
    35   8 O        0.928    -0.473    23.159     6.454
    36   6 C        3.687    -0.061    21.881     6.696
    37   7 N        2.684    -0.170    24.671     7.377
    38   1 H        0.860     0.215     1.035     1.593
    39   1 H        0.924     0.075     2.032     2.229
    40   1 H        0.925     0.081     1.972     2.196
    41   1 H        0.924     0.077     2.009     2.217
    42   6 C        2.746     0.282    22.229     7.720
    43   8 O        0.857    -0.463    22.978     6.427
    44   6 C        3.755    -0.168    23.825     6.960
    45   1 H        0.924     0.086     1.920     2.167
    46   1 H        0.924     0.092     1.863     2.134
    47   1 H        0.924     0.094     1.843     2.123

 Mol. C6AA /au·bohr⁶  :      26162.561579
 Mol. C8AA /au·bohr⁸  :     619992.067542
 Mol. α(0) /au        :        250.656519


Wiberg/Mayer (AO) data.
largest (>0.10) Wiberg bond orders for each atom

 ---------------------------------------------------------------------------
     #   Z sym  total        # sym  WBO       # sym  WBO       # sym  WBO
 ---------------------------------------------------------------------------
     1   1 H    0.995 --    26 C    0.945
     2   1 H    0.993 --    28 C    0.962
     3   1 H    0.996 --    21 C    0.967
     4   1 H    0.992 --    17 C    0.943
     5   1 H    0.990 --    26 C    0.938
     6   1 H    0.996 --    20 C    0.967
     7   1 H    0.998 --    23 C    0.965
     8   1 H    0.985 --    17 C    0.935
     9   1 H    0.992 --    30 C    0.965
    10   1 H    0.998 --    24 C    0.967
    11   1 H    0.993 --    31 C    0.959
    12   1 H    0.940 --    14 N    0.886
    13   1 H    0.992 --    29 C    0.965
    14   7 N    3.562 --    15 C    1.279    42 C    1.155    12 H    0.886
                            43 O    0.124
    15   6 C    3.711 --    14 N    1.279    16 C    1.113    17 C    1.041
    16   6 C    3.952 --    18 O    1.492    37 N    1.259    15 C    1.113
    17   6 C    3.988 --    15 C    1.041    19 C    0.978     4 H    0.943
                             8 H    0.935
    18   8 O    1.858 --    16 C    1.492    37 N    0.181
    19   6 C    3.980 --    24 C    1.419    20 C    1.393    17 C    0.978
    20   6 C    3.987 --    21 C    1.470    19 C    1.393     6 H    0.967
                            23 C    0.103
    21   6 C    3.986 --    20 C    1.470    22 C    1.353     3 H    0.967
                            24 C    0.109
    22   6 C    3.929 --    23 C    1.380    21 C    1.353    25 O    1.041
    23   6 C    3.988 --    24 C    1.437    22 C    1.380     7 H    0.965
                            20 C    0.103
    24   6 C    3.990 --    23 C    1.437    19 C    1.419    10 H    0.967
                            21 C    0.109
    25   8 O    2.212 --    22 C    1.041    26 C    0.975
    26   6 C    3.944 --    27 C    1.008    25 O    0.975     1 H    0.945
                             5 H    0.938
    27   6 C    3.968 --    28 C    1.420    32 C    1.321    26 C    1.008
    28   6 C    3.986 --    29 C    1.439    27 C    1.420     2 H    0.962
                            31 C    0.102
    29   6 C    3.966 --    28 C    1.439    30 C    1.407    13 H    0.965
    30   6 C    3.986 --    31 C    1.476    29 C    1.407     9 H    0.965
    31   6 C    3.966 --    30 C    1.476    32 C    1.342    11 H    0.959
                            28 C    0.102
    32   6 C    3.944 --    31 C    1.342    27 C    1.321    33 N    1.022
    33   7 N    3.837 --    34 O    1.383    35 O    1.380    32 C    1.022
    34   8 O    1.815 --    33 N    1.383    35 O    0.296
    35   8 O    1.815 --    33 N    1.380    34 O    0.296
    36   6 C    3.953 --    37 N    1.005    40 H    0.977    41 H    0.971
                            39 H    0.970
    37   7 N    3.443 --    16 C    1.259    36 C    1.005    38 H    0.917
                            18 O    0.181
    38   1 H    0.954 --    37 N    0.917
    39   1 H    0.991 --    36 C    0.970
    40   1 H    0.993 --    36 C    0.977
    41   1 H    0.991 --    36 C    0.971
    42   6 C    3.921 --    43 O    1.674    14 N    1.155    44 C    1.003
    43   8 O    1.963 --    42 C    1.674    14 N    0.124
    44   6 C    3.985 --    42 C    1.003    45 H    0.980    46 H    0.958
                            47 H    0.958
    45   1 H    0.992 --    44 C    0.980
    46   1 H    0.990 --    44 C    0.958
    47   1 H    0.990 --    44 C    0.958
 ---------------------------------------------------------------------------

Topologies differ in total number of bonds
Writing topology from bond orders to xtbtopo.mol

molecular dipole:
                 x           y           z       tot (Debye)
 q only:        3.998       1.898       0.975
   full:        3.743       1.912       1.001      10.982
molecular quadrupole (traceless):
                xx          xy          yy          xz          yz          zz
 q only:      -37.462      -8.747      14.266      30.259       3.267      23.196
  q+dip:      -33.831      -7.115      12.748      28.670       2.107      21.082
   full:      -35.483      -6.303      14.706      29.703       0.205      20.777


           -------------------------------------------------
          | TOTAL ENERGY              -79.896909792788 Eh   |
          | GRADIENT NORM               0.018137833344 Eh/α |
          | HOMO-LUMO GAP               0.108527406996 eV   |
           -------------------------------------------------
