command:  '/home/esp/bin/orca_6_1_0/otool_xtb /home/esp/scriptDevelopment/drFrankenstein/11_PCY_CHARMM/04_torsion_scanning/torsion_NH1-CT1-CG321-CG2R61/scans_PCY_conformer_21/PCY_conformer_21_backwards/orca_scan_XTB.xyz --grad -c 0 -u 0 -P 1 --namespace /home/esp/scriptDevelopment/drFrankenstein/11_PCY_CHARMM/04_torsion_scanning/torsion_NH1-CT1-CG321-CG2R61/scans_PCY_conformer_21/PCY_conformer_21_backwards/orca_scan --input /home/esp/scriptDevelopment/drFrankenstein/11_PCY_CHARMM/04_torsion_scanning/torsion_NH1-CT1-CG321-CG2R61/scans_PCY_conformer_21/PCY_conformer_21_backwards/orca_scan_XTB.input.tmp --alpb WATER --acc 0.200000'
date:     2025/07/16 at 15:50:55.767     
           -------------------------------------------------
          |                Property Printout                |
           -------------------------------------------------

    * Orbital Energies and Occupations

         #    Occupation            Energy/Eh            Energy/eV
      -------------------------------------------------------------
         1        2.0000           -0.7690476             -20.9269
       ...           ...                  ...                  ...
        59        2.0000           -0.4495996             -12.2342
        60        2.0000           -0.4464750             -12.1492
        61        2.0000           -0.4450666             -12.1109
        62        2.0000           -0.4365862             -11.8801
        63        2.0000           -0.4348724             -11.8335
        64        2.0000           -0.4233295             -11.5194
        65        2.0000           -0.4226366             -11.5005
        66        2.0000           -0.4159366             -11.3182
        67        2.0000           -0.4078277             -11.0976
        68        2.0000           -0.4067379             -11.0679
        69        2.0000           -0.4041552             -10.9976
        70        2.0000           -0.3806345             -10.3576
        71        0.8806           -0.3302212              -8.9858 (HOMO)
        72        0.1194           -0.3264252              -8.8825 (LUMO)
        73                         -0.2474400              -6.7332
        74                         -0.2340871              -6.3698
        75                         -0.2271749              -6.1817
        76                         -0.2229751              -6.0675
        77                         -0.2167668              -5.8985
        78                         -0.1704764              -4.6389
        79                         -0.1172431              -3.1903
        80                         -0.0937454              -2.5509
        81                         -0.0032117              -0.0874
        82                         -0.0019304              -0.0525
       ...                                ...                  ...
       128                          0.6644895              18.0817
      -------------------------------------------------------------
                  HL-Gap            0.0037960 Eh            0.1033 eV
             Fermi-level           -0.3418800 Eh           -9.3030 eV

     #   Z          covCN         q      C6AA      α(0)
     1   1 H        0.924     0.065     2.144     2.290
     2   1 H        0.926     0.075     2.035     2.231
     3   1 H        0.926     0.058     2.228     2.334
     4   1 H        0.923     0.106     1.734     2.059
     5   1 H        0.924     0.093     1.846     2.125
     6   1 H        0.926     0.057     2.233     2.337
     7   1 H        0.926     0.033     2.540     2.492
     8   1 H        0.925     0.084     1.938     2.177
     9   1 H        0.926     0.082     1.958     2.188
    10   1 H        0.926     0.038     2.473     2.459
    11   1 H        0.926     0.084     1.940     2.178
    12   1 H        0.859     0.245     0.902     1.488
    13   1 H        0.926     0.082     1.954     2.186
    14   7 N        2.707    -0.113    23.464     7.194
    15   6 C        2.882     0.032    27.282     8.563
    16   6 C        2.771     0.247    22.867     7.832
    17   6 C        3.809    -0.076    21.943     6.668
    18   8 O        0.859    -0.566    25.299     6.744
    19   6 C        2.969     0.016    27.654     8.626
    20   6 C        2.924    -0.035    28.870     8.811
    21   6 C        2.920    -0.059    29.465     8.902
    22   6 C        2.865     0.138    24.980     8.193
    23   6 C        2.917    -0.068    29.696     8.936
    24   6 C        2.926    -0.044    29.087     8.845
    25   8 O        1.705    -0.292    18.854     5.863
    26   6 C        3.698     0.072    19.529     6.321
    27   6 C        2.961     0.021    27.545     8.608
    28   6 C        2.925    -0.027    28.676     8.782
    29   6 C        2.918    -0.019    28.474     8.750
    30   6 C        2.917    -0.029    28.718     8.788
    31   6 C        2.923    -0.023    28.587     8.768
    32   6 C        2.913     0.003    27.957     8.670
    33   7 N        2.763     0.526    13.738     5.505
    34   8 O        0.928    -0.474    23.187     6.458
    35   8 O        0.929    -0.471    23.125     6.449
    36   6 C        3.691    -0.062    21.883     6.694
    37   7 N        2.685    -0.169    24.653     7.374
    38   1 H        0.860     0.215     1.032     1.591
    39   1 H        0.925     0.076     2.023     2.224
    40   1 H        0.925     0.082     1.963     2.191
    41   1 H        0.925     0.076     2.026     2.226
    42   6 C        2.747     0.282    22.220     7.718
    43   8 O        0.858    -0.463    22.986     6.428
    44   6 C        3.760    -0.170    23.869     6.965
    45   1 H        0.925     0.087     1.908     2.160
    46   1 H        0.925     0.095     1.833     2.117
    47   1 H        0.925     0.091     1.865     2.135

 Mol. C6AA /au·bohr⁶  :      26161.082592
 Mol. C8AA /au·bohr⁸  :     619977.976865
 Mol. α(0) /au        :        250.643819


Wiberg/Mayer (AO) data.
largest (>0.10) Wiberg bond orders for each atom

 ---------------------------------------------------------------------------
     #   Z sym  total        # sym  WBO       # sym  WBO       # sym  WBO
 ---------------------------------------------------------------------------
     1   1 H    0.995 --    26 C    0.945
     2   1 H    0.994 --    28 C    0.962
     3   1 H    0.996 --    21 C    0.967
     4   1 H    0.981 --    17 C    0.922
     5   1 H    0.990 --    26 C    0.938
     6   1 H    0.996 --    20 C    0.966
     7   1 H    0.999 --    23 C    0.965
     8   1 H    0.991 --    17 C    0.942
     9   1 H    0.992 --    30 C    0.965
    10   1 H    0.999 --    24 C    0.968
    11   1 H    0.993 --    31 C    0.959
    12   1 H    0.940 --    14 N    0.881
    13   1 H    0.993 --    29 C    0.965
    14   7 N    3.563 --    15 C    1.277    42 C    1.160    12 H    0.881
                            43 O    0.123
    15   6 C    3.714 --    14 N    1.277    16 C    1.112    17 C    1.048
    16   6 C    3.951 --    18 O    1.490    37 N    1.262    15 C    1.112
    17   6 C    3.989 --    15 C    1.048    19 C    0.984     8 H    0.942
                             4 H    0.922
    18   8 O    1.857 --    16 C    1.490    37 N    0.181
    19   6 C    3.981 --    24 C    1.420    20 C    1.389    17 C    0.984
    20   6 C    3.987 --    21 C    1.474    19 C    1.389     6 H    0.966
                            23 C    0.103
    21   6 C    3.986 --    20 C    1.474    22 C    1.351     3 H    0.967
                            24 C    0.108
    22   6 C    3.928 --    23 C    1.382    21 C    1.351    25 O    1.041
    23   6 C    3.987 --    24 C    1.436    22 C    1.382     7 H    0.965
                            20 C    0.103
    24   6 C    3.990 --    23 C    1.436    19 C    1.420    10 H    0.968
                            21 C    0.108
    25   8 O    2.212 --    22 C    1.041    26 C    0.975
    26   6 C    3.944 --    27 C    1.009    25 O    0.975     1 H    0.945
                             5 H    0.938
    27   6 C    3.967 --    28 C    1.421    32 C    1.320    26 C    1.009
    28   6 C    3.987 --    29 C    1.438    27 C    1.421     2 H    0.962
                            31 C    0.102
    29   6 C    3.965 --    28 C    1.438    30 C    1.407    13 H    0.965
    30   6 C    3.987 --    31 C    1.476    29 C    1.407     9 H    0.965
    31   6 C    3.965 --    30 C    1.476    32 C    1.342    11 H    0.959
                            28 C    0.102
    32   6 C    3.945 --    31 C    1.342    27 C    1.320    33 N    1.022
    33   7 N    3.832 --    35 O    1.380    34 O    1.378    32 C    1.022
    34   8 O    1.810 --    33 N    1.378    35 O    0.294
    35   8 O    1.809 --    33 N    1.380    34 O    0.294
    36   6 C    3.954 --    37 N    1.007    40 H    0.977    39 H    0.970
                            41 H    0.970
    37   7 N    3.446 --    16 C    1.262    36 C    1.007    38 H    0.917
                            18 O    0.181
    38   1 H    0.954 --    37 N    0.917
    39   1 H    0.991 --    36 C    0.970
    40   1 H    0.993 --    36 C    0.977
    41   1 H    0.991 --    36 C    0.970
    42   6 C    3.921 --    43 O    1.672    14 N    1.160    44 C    1.001
    43   8 O    1.962 --    42 C    1.672    14 N    0.123
    44   6 C    3.985 --    42 C    1.001    45 H    0.980    47 H    0.960
                            46 H    0.956
    45   1 H    0.992 --    44 C    0.980
    46   1 H    0.990 --    44 C    0.956
    47   1 H    0.990 --    44 C    0.960
 ---------------------------------------------------------------------------

Topologies differ in total number of bonds
Writing topology from bond orders to xtbtopo.mol

molecular dipole:
                 x           y           z       tot (Debye)
 q only:       -1.763       3.235      -1.220
   full:       -1.538       3.146      -1.199       9.407
molecular quadrupole (traceless):
                xx          xy          yy          xz          yz          zz
 q only:       -3.161      41.313      16.651       3.149      22.804     -13.490
  q+dip:       -4.438      38.922      18.819       4.149      23.007     -14.381
   full:       -4.673      40.197      19.651       5.037      21.175     -14.977


           -------------------------------------------------
          | TOTAL ENERGY              -79.896787360460 Eh   |
          | GRADIENT NORM               0.015430197212 Eh/α |
          | HOMO-LUMO GAP               0.103293153733 eV   |
           -------------------------------------------------
