            --------------------------------------------------------
                             AMBER SQM VERSION 19
 
                                     By
              Ross C. Walker, Michael F. Crowley, Scott Brozell,
                         Tim Giese, Andreas W. Goetz,
                        Tai-Sung Lee and David A. Case
 
            --------------------------------------------------------
 

--------------------------------------------------------------------------------
  QM CALCULATION INFO
--------------------------------------------------------------------------------

| QMMM: Citation for AMBER QMMM Run:
| QMMM: R.C. Walker, M.F. Crowley and D.A. Case, J. COMP. CHEM. 29:1019, 2008

QMMM: SINGLET STATE CALCULATION
QMMM: RHF CALCULATION, NO. OF DOUBLY OCCUPIED LEVELS = 40

| QMMM: *** Selected Hamiltonian *** 
| QMMM: AM1         

| QMMM: *** Parameter sets in use ***
| QMMM: O : M.J.S.DEWAR et al. JACS, 107, 3902, (1985)
| QMMM: N : M.J.S.DEWAR et al. JACS, 107, 3902, (1985)
| QMMM: C : M.J.S.DEWAR et al. JACS, 107, 3902, (1985)
| QMMM: H : M.J.S.DEWAR et al. JACS, 107, 3902, (1985)

| QMMM: *** SCF convergence criteria ***
| QMMM: Energy change                :  0.1D-09 kcal/mol
| QMMM: Error matrix |FP-PF|         :  0.1D+00 au
| QMMM: Density matrix change        :  0.5D-06
| QMMM: Maximum number of SCF cycles :     1000

| QMMM: *** Diagonalization Routine Information ***
| QMMM: Pseudo diagonalizations are allowed.
| QMMM: Auto diagonalization routine selection is in use.
| QMMM:
| QMMM: Timing diagonalization routines:
| QMMM:                              norbs =       74
| QMMM:    diag iterations used for timing =       15
| QMMM:
| QMMM:              Internal diag routine = 0.009886 seconds
| QMMM:                 Dspev diag routine = 0.050877 seconds
| QMMM:                Dspevd diag routine = 0.005792 seconds
| QMMM:                Dspevx diag routine = 0.026792 seconds
| QMMM:                 Dsyev diag routine = 0.007712 seconds
| QMMM:                Dsyevd diag routine = 0.135969 seconds
| QMMM:                Dsyevr diag routine = 0.013348 seconds
| QMMM:
| QMMM:                Pseudo diag routine = 0.007292 seconds
| QMMM: Pseudo diagonalization appears to be slower than regular
| QMMM: diagonalization. Setting pseudo_diag=0 for optimum performance.
| QMMM:
| QMMM: Using dspevd routine (diag_routine=3).

  QMMM: QM Region Cartesian Coordinates (*=link atom) 
  QMMM: QM_NO.   MM_NO.  ATOM         X         Y         Z
  QMMM:     1        1      O        3.0620   -0.7800    1.4010
  QMMM:     2        2      N        1.5070   -2.3650   -0.0330
  QMMM:     3        3      C        1.4660   -0.9690   -0.3930
  QMMM:     4        4      C        0.0950   -0.3680   -0.1720
  QMMM:     5        5      C       -0.5070   -0.4680    1.0770
  QMMM:     6        6      C       -0.5700    0.2900   -1.1970
  QMMM:     7        7      C        2.4780   -0.2280    0.4900
  QMMM:     8        8      C       -1.7570    0.0810    1.2950
  QMMM:     9        9      C       -1.8210    0.8400   -0.9770
  QMMM:    10       10      C       -2.4160    0.7380    0.2690
  QMMM:    11       11      H        1.7410   -0.8730   -1.4510
  QMMM:    12       12      H        0.0090   -0.9800    1.8760
  QMMM:    13       13      H       -0.1160    0.3550   -2.1760
  QMMM:    14       14      H       -2.2180   -0.0030    2.2680
  QMMM:    15       15      H       -2.3350    1.3440   -1.7820
  QMMM:    16       16      H        1.9790   -2.5650    0.8400
  QMMM:    17       17      H       -3.3930    1.1660    0.4390
  QMMM:    18       18      C        3.4830    1.9640    0.9110
  QMMM:    19       19      N        2.6290    1.0680    0.1690
  QMMM:    20       20      H        2.0710    1.4560   -0.5750
  QMMM:    21       21      H        3.9870    1.3760    1.6760
  QMMM:    22       22      H        4.2260    2.4160    0.2530
  QMMM:    23       23      H        2.8960    2.7520    1.3870
  QMMM:    24       24      C        1.1810   -3.3440   -0.9070
  QMMM:    25       25      O        0.7520   -3.1080   -2.0160
  QMMM:    26       26      C        1.3880   -4.7380   -0.3550
  QMMM:    27       27      H        1.0940   -5.4680   -1.1040
  QMMM:    28       28      H        2.4340   -4.8850   -0.0970
  QMMM:    29       29      H        0.7850   -4.8760    0.5390

--------------------------------------------------------------------------------
  RESULTS
--------------------------------------------------------------------------------

      iter         sqm energy              rms gradient
      ----    -------------------    -----------------------
xmin    10      -52.9576 kcal/mol        0.9540 kcal/(mol*A)
xmin    20      -53.1055 kcal/mol        0.8988 kcal/(mol*A)
xmin    30      -53.3778 kcal/mol        0.4538 kcal/(mol*A)
xmin    40      -53.4629 kcal/mol        0.2480 kcal/(mol*A)
xmin    50      -53.5100 kcal/mol        0.1392 kcal/(mol*A)
xmin    60      -53.5528 kcal/mol        0.3024 kcal/(mol*A)
xmin    70      -53.6341 kcal/mol        0.1376 kcal/(mol*A)
xmin    80      -53.6705 kcal/mol        0.5845 kcal/(mol*A)
xmin    90      -53.7211 kcal/mol        0.1343 kcal/(mol*A)
xmin   100      -53.7893 kcal/mol        0.5920 kcal/(mol*A)
xmin   110      -53.8299 kcal/mol        0.2142 kcal/(mol*A)
xmin   120      -53.8401 kcal/mol        0.1638 kcal/(mol*A)
xmin   130      -53.8452 kcal/mol        0.0591 kcal/(mol*A)
xmin   140      -53.8477 kcal/mol        0.0700 kcal/(mol*A)
xmin   150      -53.8486 kcal/mol        0.0682 kcal/(mol*A)
xmin   160      -53.8502 kcal/mol        0.0237 kcal/(mol*A)
xmin   170      -53.8507 kcal/mol        0.0191 kcal/(mol*A)
xmin   180      -53.8510 kcal/mol        0.0329 kcal/(mol*A)
xmin   190      -53.8515 kcal/mol        0.0434 kcal/(mol*A)
xmin   200      -53.8518 kcal/mol        0.0202 kcal/(mol*A)
xmin   210      -53.8520 kcal/mol        0.0263 kcal/(mol*A)
xmin   220      -53.8521 kcal/mol        0.0158 kcal/(mol*A)
xmin   230      -53.8523 kcal/mol        0.0065 kcal/(mol*A)
xmin   240      -53.8523 kcal/mol        0.0030 kcal/(mol*A)
xmin   250      -53.8525 kcal/mol        0.0045 kcal/(mol*A)
xmin   260      -53.8525 kcal/mol        0.0059 kcal/(mol*A)
xmin   270      -53.8526 kcal/mol        0.0112 kcal/(mol*A)
xmin   280      -53.8526 kcal/mol        0.0065 kcal/(mol*A)
xmin   290      -53.8526 kcal/mol        0.0036 kcal/(mol*A)
xmin   300      -53.8526 kcal/mol        0.0019 kcal/(mol*A)
xmin   310      -53.8526 kcal/mol        0.0018 kcal/(mol*A)
xmin   320      -53.8526 kcal/mol        0.0022 kcal/(mol*A)
xmin   330      -53.8526 kcal/mol        0.0014 kcal/(mol*A)
xmin   340      -53.8526 kcal/mol        0.0030 kcal/(mol*A)
xmin   350      -53.8526 kcal/mol        0.0097 kcal/(mol*A)
xmin   360      -53.8526 kcal/mol        0.0015 kcal/(mol*A)
xmin   370      -53.8527 kcal/mol        0.0015 kcal/(mol*A)
  ... geometry converged !
 
 Final MO eigenvalues (eV):
 -40.8124  -39.1473  -38.9780  -35.7459  -35.3324  -32.5889  -31.6147  -30.4628
 -28.5041  -26.0089  -23.5628  -22.6688  -21.7432  -21.1012  -18.7553  -18.1108
 -17.7331  -17.0254  -16.5481  -16.0546  -15.7722  -15.6015  -15.4834  -14.7396
 -14.4482  -14.3502  -13.7300  -13.6705  -13.4304  -13.2139  -13.0915  -13.0109
 -12.2922  -12.0653  -11.2501  -11.0039  -10.0655  -10.0317   -9.8479   -9.7516
   0.1545    0.3717    1.2061    1.3876    1.7773    2.2654    2.7906    3.3388
   3.5026    3.6144    3.7173    3.8819    3.9473    3.9844    4.0415    4.0692
   4.0919    4.2165    4.3425    4.4349    4.5154    4.5356    4.8389    4.9562
   5.1489    5.2895    5.3595    5.3993    5.5080    5.8933    6.1261    6.2179
   6.9438    7.0014

 Heat of formation   =        -53.85265178 kcal/mol  (       -2.33522622 eV)

 Total SCF energy    =     -61249.62595830 kcal/mol  (    -2655.98308652 eV)
 Electronic energy   =    -351521.04602525 kcal/mol  (   -15243.09639761 eV)
 Core-core repulsion =     290271.42006696 kcal/mol  (    12587.11331109 eV)
 
    Atomic Charges for Step       1 :
  Atom    Element       Mulliken Charge
     1      O                 -0.385
     2      N                 -0.366
     3      C                  0.052
     4      C                 -0.104
     5      C                 -0.113
     6      C                 -0.110
     7      C                  0.285
     8      C                 -0.131
     9      C                 -0.134
    10      C                 -0.120
    11      H                  0.144
    12      H                  0.151
    13      H                  0.139
    14      H                  0.135
    15      H                  0.134
    16      H                  0.239
    17      H                  0.133
    18      C                 -0.078
    19      N                 -0.371
    20      H                  0.229
    21      H                  0.117
    22      H                  0.072
    23      H                  0.067
    24      C                  0.307
    25      O                 -0.375
    26      C                 -0.241
    27      H                  0.117
    28      H                  0.103
    29      H                  0.104
 Total Mulliken Charge =      -0.000
 
                  X        Y        Z     TOTAL  
  QM DIPOLE    -1.063    1.182    0.540    1.679
 
 Final Structure

  QMMM: QM Region Cartesian Coordinates (*=link atom) 
  QMMM: QM_NO.   MM_NO.  ATOM         X         Y         Z
  QMMM:     1        1      O        2.5577   -0.6436    1.7073
  QMMM:     2        2      N        1.2265   -2.3556   -0.0798
  QMMM:     3        3      C        1.2159   -0.9352   -0.3189
  QMMM:     4        4      C       -0.1305   -0.3134   -0.0321
  QMMM:     5        5      C       -0.5816   -0.1713    1.2842
  QMMM:     6        6      C       -0.9379    0.1050   -1.0940
  QMMM:     7        7      C        2.2632   -0.2103    0.5740
  QMMM:     8        8      C       -1.8291    0.3975    1.5359
  QMMM:     9        9      C       -2.1845    0.6753   -0.8373
  QMMM:    10       10      C       -2.6308    0.8220    0.4760
  QMMM:    11       11      H        1.4735   -0.7725   -1.4125
  QMMM:    12       12      H        0.0600   -0.5023    2.1175
  QMMM:    13       13      H       -0.5952   -0.0216   -2.1324
  QMMM:    14       14      H       -2.1800    0.5104    2.5722
  QMMM:    15       15      H       -2.8174    1.0053   -1.6742
  QMMM:    16       16      H        1.1821   -2.6408    0.8714
  QMMM:    17       17      H       -3.6150    1.2707    0.6757
  QMMM:    18       18      C        3.7751    1.7222    0.7809
  QMMM:    19       19      N        2.8379    0.9247    0.0558
  QMMM:    20       20      H        2.5458    1.2527   -0.8329
  QMMM:    21       21      H        4.0449    1.2195    1.7483
  QMMM:    22       22      H        4.7066    1.8633    0.1687
  QMMM:    23       23      H        3.3368    2.7324    1.0058
  QMMM:    24       24      C        1.6206   -3.2639   -1.0481
  QMMM:    25       25      O        1.8530   -2.9003   -2.2185
  QMMM:    26       26      C        1.7138   -4.7108   -0.6320
  QMMM:    27       27      H        2.0198   -5.3186   -1.5181
  QMMM:    28       28      H        2.4739   -4.8364    0.1765
  QMMM:    29       29      H        0.7249   -5.0763   -0.2640

           --------- Calculation Completed ----------

