command:  '/home/esp/bin/orca_6_1_0/otool_xtb /home/esp/scriptDevelopment/drFrankenstein/11_PCY_CHARMM/04_torsion_scanning/torsion_NH1-CT1-CG321-CG2R61/scans_PCY_conformer_41/PCY_conformer_41_backwards/orca_scan_XTB.xyz --grad -c 0 -u 0 -P 1 --namespace /home/esp/scriptDevelopment/drFrankenstein/11_PCY_CHARMM/04_torsion_scanning/torsion_NH1-CT1-CG321-CG2R61/scans_PCY_conformer_41/PCY_conformer_41_backwards/orca_scan --input /home/esp/scriptDevelopment/drFrankenstein/11_PCY_CHARMM/04_torsion_scanning/torsion_NH1-CT1-CG321-CG2R61/scans_PCY_conformer_41/PCY_conformer_41_backwards/orca_scan_XTB.input.tmp --alpb WATER --acc 0.200000'
date:     2025/07/16 at 15:50:55.720     
           -------------------------------------------------
          |                Property Printout                |
           -------------------------------------------------

    * Orbital Energies and Occupations

         #    Occupation            Energy/Eh            Energy/eV
      -------------------------------------------------------------
         1        2.0000           -0.7729161             -21.0321
       ...           ...                  ...                  ...
        59        2.0000           -0.4527412             -12.3197
        60        2.0000           -0.4456694             -12.1273
        61        2.0000           -0.4405652             -11.9884
        62        2.0000           -0.4358876             -11.8611
        63        2.0000           -0.4343219             -11.8185
        64        2.0000           -0.4287384             -11.6666
        65        2.0000           -0.4156206             -11.3096
        66        2.0000           -0.4121351             -11.2148
        67        2.0000           -0.4098675             -11.1531
        68        2.0000           -0.4047469             -11.0137
        69        2.0000           -0.4029632             -10.9652
        70        2.0000           -0.3957722             -10.7695
        71        0.9347           -0.3300780              -8.9819 (HOMO)
        72        0.0653           -0.3250205              -8.8443 (LUMO)
        73                         -0.2515024              -6.8437
        74                         -0.2409241              -6.5559
        75                         -0.2305969              -6.2749
        76                         -0.2278854              -6.2011
        77                         -0.2244441              -6.1074
        78                         -0.1679277              -4.5695
        79                         -0.1231684              -3.3516
        80                         -0.1026853              -2.7942
        81                         -0.0064615              -0.1758
        82                         -0.0047802              -0.1301
       ...                                ...                  ...
       128                          0.6493549              17.6698
      -------------------------------------------------------------
                  HL-Gap            0.0050576 Eh            0.1376 eV
             Fermi-level           -0.3452372 Eh           -9.3944 eV

     #   Z          covCN         q      C6AA      α(0)
     1   1 H        0.925     0.081     1.967     2.193
     2   1 H        0.926     0.079     1.986     2.204
     3   1 H        0.926     0.048     2.346     2.395
     4   1 H        0.924     0.078     2.001     2.212
     5   1 H        0.924     0.055     2.261     2.352
     6   1 H        0.926     0.054     2.270     2.356
     7   1 H        0.926     0.054     2.274     2.358
     8   1 H        0.924     0.099     1.793     2.094
     9   1 H        0.926     0.084     1.940     2.178
    10   1 H        0.926     0.048     2.339     2.391
    11   1 H        0.926     0.081     1.971     2.196
    12   1 H        0.859     0.247     0.893     1.481
    13   1 H        0.926     0.085     1.933     2.174
    14   7 N        2.704    -0.113    23.476     7.196
    15   6 C        2.884     0.030    27.322     8.569
    16   6 C        2.769     0.246    22.872     7.832
    17   6 C        3.810    -0.070    21.839     6.652
    18   8 O        0.859    -0.567    25.314     6.746
    19   6 C        2.972     0.026    27.415     8.589
    20   6 C        2.924    -0.032    28.803     8.801
    21   6 C        2.917    -0.052    29.288     8.875
    22   6 C        2.873     0.127    25.205     8.230
    23   6 C        2.917    -0.058    29.444     8.898
    24   6 C        2.924    -0.041    29.026     8.835
    25   8 O        1.701    -0.338    19.678     5.989
    26   6 C        3.705     0.068    19.589     6.327
    27   6 C        2.962     0.017    27.621     8.620
    28   6 C        2.926    -0.030    28.750     8.793
    29   6 C        2.918    -0.021    28.532     8.759
    30   6 C        2.918    -0.027    28.682     8.782
    31   6 C        2.923    -0.024    28.593     8.769
    32   6 C        2.915     0.009    27.814     8.648
    33   7 N        2.762     0.533    13.667     5.491
    34   8 O        0.930    -0.445    22.566     6.371
    35   8 O        0.928    -0.459    22.866     6.413
    36   6 C        3.690    -0.062    21.879     6.694
    37   7 N        2.685    -0.168    24.635     7.372
    38   1 H        0.860     0.210     1.056     1.610
    39   1 H        0.925     0.084     1.941     2.179
    40   1 H        0.925     0.076     2.016     2.220
    41   1 H        0.924     0.075     2.030     2.228
    42   6 C        2.748     0.281    22.246     7.723
    43   8 O        0.857    -0.472    23.176     6.454
    44   6 C        3.759    -0.171    23.872     6.966
    45   1 H        0.925     0.094     1.838     2.120
    46   1 H        0.925     0.095     1.832     2.117
    47   1 H        0.925     0.086     1.919     2.166

 Mol. C6AA /au·bohr⁶  :      26157.668164
 Mol. C8AA /au·bohr⁸  :     619801.558854
 Mol. α(0) /au        :        250.619799


Wiberg/Mayer (AO) data.
largest (>0.10) Wiberg bond orders for each atom

 ---------------------------------------------------------------------------
     #   Z sym  total        # sym  WBO       # sym  WBO       # sym  WBO
 ---------------------------------------------------------------------------
     1   1 H    0.992 --    26 C    0.963
     2   1 H    0.993 --    28 C    0.963
     3   1 H    0.997 --    21 C    0.967
     4   1 H    0.993 --    17 C    0.942
     5   1 H    0.997 --    26 C    0.961
     6   1 H    0.997 --    20 C    0.967
     7   1 H    0.997 --    23 C    0.967
     8   1 H    0.986 --    17 C    0.934
     9   1 H    0.992 --    30 C    0.964
    10   1 H    0.997 --    24 C    0.966
    11   1 H    0.993 --    31 C    0.961
    12   1 H    0.939 --    14 N    0.884
    13   1 H    0.993 --    29 C    0.965
    14   7 N    3.570 --    15 C    1.278    42 C    1.166    12 H    0.884
                            43 O    0.124
    15   6 C    3.730 --    14 N    1.278    16 C    1.121    17 C    1.040
    16   6 C    3.956 --    18 O    1.485    37 N    1.259    15 C    1.121
    17   6 C    3.991 --    15 C    1.040    19 C    0.981     4 H    0.942
                             8 H    0.934
    18   8 O    1.855 --    16 C    1.485    37 N    0.181
    19   6 C    3.982 --    24 C    1.407    20 C    1.403    17 C    0.981
    20   6 C    3.988 --    21 C    1.454    19 C    1.403     6 H    0.967
                            23 C    0.106
    21   6 C    3.990 --    20 C    1.454    22 C    1.389     3 H    0.967
                            24 C    0.107
    22   6 C    3.939 --    23 C    1.389    21 C    1.389    25 O    0.997
    23   6 C    3.989 --    24 C    1.449    22 C    1.389     7 H    0.967
                            20 C    0.106
    24   6 C    3.990 --    23 C    1.449    19 C    1.407    10 H    0.966
                            21 C    0.107
    25   8 O    2.093 --    22 C    0.997    26 C    0.937
    26   6 C    3.937 --    27 C    0.999     1 H    0.963     5 H    0.961
                            25 O    0.937
    27   6 C    3.974 --    28 C    1.422    32 C    1.342    26 C    0.999
                            30 C    0.101
    28   6 C    3.986 --    29 C    1.438    27 C    1.422     2 H    0.963
                            31 C    0.103
    29   6 C    3.973 --    28 C    1.438    30 C    1.419    13 H    0.965
    30   6 C    3.986 --    31 C    1.461    29 C    1.419     9 H    0.964
                            27 C    0.101
    31   6 C    3.973 --    30 C    1.461    32 C    1.359    11 H    0.961
                            28 C    0.103
    32   6 C    3.946 --    31 C    1.359    27 C    1.342    33 N    0.986
    33   7 N    3.848 --    34 O    1.406    35 O    1.397    32 C    0.986
    34   8 O    1.850 --    33 N    1.406    35 O    0.311
    35   8 O    1.842 --    33 N    1.397    34 O    0.311
    36   6 C    3.953 --    37 N    1.006    39 H    0.976    40 H    0.971
                            41 H    0.970
    37   7 N    3.449 --    16 C    1.259    36 C    1.006    38 H    0.918
                            18 O    0.181
    38   1 H    0.956 --    37 N    0.918
    39   1 H    0.993 --    36 C    0.976
    40   1 H    0.991 --    36 C    0.971
    41   1 H    0.991 --    36 C    0.970
    42   6 C    3.923 --    43 O    1.663    14 N    1.166    44 C    1.002
    43   8 O    1.957 --    42 C    1.663    14 N    0.124
    44   6 C    3.985 --    42 C    1.002    47 H    0.980    46 H    0.958
                            45 H    0.958
    45   1 H    0.990 --    44 C    0.958
    46   1 H    0.990 --    44 C    0.958
    47   1 H    0.992 --    44 C    0.980
 ---------------------------------------------------------------------------

Topologies differ in total number of bonds
Writing topology from bond orders to xtbtopo.mol

molecular dipole:
                 x           y           z       tot (Debye)
 q only:        0.434       0.928       2.591
   full:        0.528       0.776       2.440       6.646
molecular quadrupole (traceless):
                xx          xy          yy          xz          yz          zz
 q only:        3.242       3.442     -18.588     -11.109     -13.621      15.346
  q+dip:        4.202       4.228     -21.306     -12.607     -11.047      17.104
   full:        4.083       1.848     -19.764     -11.426     -13.991      15.681


           -------------------------------------------------
          | TOTAL ENERGY              -79.894588615580 Eh   |
          | GRADIENT NORM               0.009961221930 Eh/α |
          | HOMO-LUMO GAP               0.137623450036 eV   |
           -------------------------------------------------
